<?xml version="1.0" encoding="utf-8"?><testsuites name="pytest tests"><testsuite name="pytest" errors="0" failures="1" skipped="0" tests="10" time="6.119" timestamp="2026-03-02T13:15:08.932885+00:00" hostname="agent-env-d0ea7077-7948-4e71-b0f7-018cb45b882b"><testcase classname="backend.tests.test_auto_mixer_subscription_expiry.TestAutoMixerConfig" name="test_get_config" time="0.234" /><testcase classname="backend.tests.test_auto_mixer_subscription_expiry.TestAutoMixerFundsStats" name="test_get_funds_stats" time="0.324" /><testcase classname="backend.tests.test_auto_mixer_subscription_expiry.TestAutoMixerAgentStatus" name="test_agent_status_no_errors" time="1.123" /><testcase classname="backend.tests.test_auto_mixer_subscription_expiry.TestAutoMixerAgentStatus" name="test_agent_status_activity_stats" time="1.135" /><testcase classname="backend.tests.test_auto_mixer_subscription_expiry.TestAutoMixerSubscriptionEndpoint" name="test_subscription_returns_expiry_fields" time="0.137" /><testcase classname="backend.tests.test_auto_mixer_subscription_expiry.TestAutoMixerSubscriptionEndpoint" name="test_subscription_no_datetime_errors" time="0.600" /><testcase classname="backend.tests.test_auto_mixer_subscription_expiry.TestAutoMixerDetailedStats" name="test_detailed_stats_no_errors" time="0.170" /><testcase classname="backend.tests.test_auto_mixer_subscription_expiry.TestAutoMixerTriggerNow" name="test_trigger_now_no_datetime_errors" time="0.837"><failure message="AssertionError: Should include message&#10;assert 'message' in {'current_hour': 13, 'results': [{'player': 'TG_7438800063...', 'reason': 'Outside window (23:00-5:00, current: 13:00)', 'status': 'skipped'}, {'player': '0xC7383aBDaF7507C4a2...', 'reason': 'Outside window (3:00-9:00, current: 13:00)', 'status': 'skipped'}, {'player': '0x9c8Ae7C9C9ec1Cef31...', 'reason': 'At treat limit (7/7 in window, 0 remaining)', 'status': 'skipped'}, {'player': '0x513a246b4d10f20b6D...', 'reason': 'Outside window (0:00-6:00, current: 13:00)', 'status': 'skipped'}], 'total_active_subs': 4, 'triggered_at': '2026-03-02T13:15:12.880223+00:00'}">backend/tests/test_auto_mixer_subscription_expiry.py:238: in test_trigger_now_no_datetime_errors
    assert "message" in data, "Should include message"
E   AssertionError: Should include message
E   assert 'message' in {'current_hour': 13, 'results': [{'player': 'TG_7438800063...', 'reason': 'Outside window (23:00-5:00, current: 13:00)', 'status': 'skipped'}, {'player': '0xC7383aBDaF7507C4a2...', 'reason': 'Outside window (3:00-9:00, current: 13:00)', 'status': 'skipped'}, {'player': '0x9c8Ae7C9C9ec1Cef31...', 'reason': 'At treat limit (7/7 in window, 0 remaining)', 'status': 'skipped'}, {'player': '0x513a246b4d10f20b6D...', 'reason': 'Outside window (0:00-6:00, current: 13:00)', 'status': 'skipped'}], 'total_active_subs': 4, 'triggered_at': '2026-03-02T13:15:12.880223+00:00'}</failure></testcase><testcase classname="backend.tests.test_auto_mixer_subscription_expiry.TestAutoMixerTriggerNow" name="test_trigger_now_filters_expired" time="0.676" /><testcase classname="backend.tests.test_auto_mixer_subscription_expiry.TestTreatCreationNoRegression" name="test_enhanced_treat_creation" time="0.681" /></testsuite></testsuites>