<?xml version="1.0" encoding="utf-8"?><testsuites name="pytest tests"><testsuite name="pytest" errors="0" failures="0" skipped="0" tests="13" time="2.503" timestamp="2026-02-02T14:38:39.910633+00:00" hostname="agent-env-b7d823df-23cb-4f5f-af53-5c9b46d7addb"><testcase classname="backend.tests.test_auto_mixer.TestAutoMixerConfig" name="test_get_config_success" time="0.047" /><testcase classname="backend.tests.test_auto_mixer.TestAutoMixerFundsStats" name="test_get_funds_stats_success" time="0.208" /><testcase classname="backend.tests.test_auto_mixer.TestAutoMixerSubscription" name="test_get_subscription_no_subscription" time="0.067" /><testcase classname="backend.tests.test_auto_mixer.TestAutoMixerSubscription" name="test_create_subscription_success" time="0.160" /><testcase classname="backend.tests.test_auto_mixer.TestAutoMixerSubscription" name="test_create_subscription_invalid_window_too_long" time="0.023" /><testcase classname="backend.tests.test_auto_mixer.TestAutoMixerSubscription" name="test_create_subscription_returns_existing" time="0.232" /><testcase classname="backend.tests.test_auto_mixer.TestAutoMixerSubscription" name="test_get_subscription_after_create" time="0.237" /><testcase classname="backend.tests.test_auto_mixer.TestAutoMixerUpdateWindow" name="test_update_window_requires_active_subscription" time="0.219" /><testcase classname="backend.tests.test_auto_mixer.TestAutoMixerHistory" name="test_get_history_no_subscription" time="0.071" /><testcase classname="backend.tests.test_auto_mixer.TestAutoMixerPaymentVerification" name="test_verify_payment_invalid_subscription_id" time="0.064" /><testcase classname="backend.tests.test_auto_mixer.TestAutoMixerPaymentVerification" name="test_verify_payment_fake_tx_hash" time="0.731" /><testcase classname="backend.tests.test_auto_mixer.TestAutoMixerEdgeCases" name="test_window_wraps_around_midnight" time="0.157" /><testcase classname="backend.tests.test_auto_mixer.TestAutoMixerEdgeCases" name="test_minimum_window_1_hour" time="0.158" /></testsuite></testsuites>