<?xml version="1.0" encoding="utf-8"?><testsuites name="pytest tests"><testsuite name="pytest" errors="0" failures="0" skipped="0" tests="11" time="1.734" timestamp="2026-02-02T01:55:43.755527+00:00" hostname="agent-env-c89f518c-778d-4191-b423-a0dda9e4da0f"><testcase classname="backend.tests.test_auto_mixer.TestAutoMixerConfig" name="test_get_config_success" time="0.072" /><testcase classname="backend.tests.test_auto_mixer.TestAutoMixerFundsStats" name="test_get_funds_stats_success" time="0.196" /><testcase classname="backend.tests.test_auto_mixer.TestAutoMixerSubscription" name="test_get_subscription_no_subscription" time="0.064" /><testcase classname="backend.tests.test_auto_mixer.TestAutoMixerSubscription" name="test_create_subscription_success" time="0.171" /><testcase classname="backend.tests.test_auto_mixer.TestAutoMixerSubscription" name="test_create_subscription_invalid_window_too_long" time="0.018" /><testcase classname="backend.tests.test_auto_mixer.TestAutoMixerSubscription" name="test_create_subscription_returns_existing" time="0.215" /><testcase classname="backend.tests.test_auto_mixer.TestAutoMixerSubscription" name="test_get_subscription_after_create" time="0.219" /><testcase classname="backend.tests.test_auto_mixer.TestAutoMixerUpdateWindow" name="test_update_window_requires_active_subscription" time="0.222" /><testcase classname="backend.tests.test_auto_mixer.TestAutoMixerHistory" name="test_get_history_no_subscription" time="0.099" /><testcase classname="backend.tests.test_auto_mixer.TestAutoMixerEdgeCases" name="test_window_wraps_around_midnight" time="0.151" /><testcase classname="backend.tests.test_auto_mixer.TestAutoMixerEdgeCases" name="test_minimum_window_1_hour" time="0.151" /></testsuite></testsuites>