<?xml version="1.0" encoding="utf-8"?><testsuites name="pytest tests"><testsuite name="pytest" errors="0" failures="0" skipped="0" tests="10" time="6.092" timestamp="2026-03-02T13:15:25.947628+00:00" hostname="agent-env-d0ea7077-7948-4e71-b0f7-018cb45b882b"><testcase classname="backend.tests.test_auto_mixer_subscription_expiry.TestAutoMixerConfig" name="test_get_config" time="0.121" /><testcase classname="backend.tests.test_auto_mixer_subscription_expiry.TestAutoMixerFundsStats" name="test_get_funds_stats" time="0.334" /><testcase classname="backend.tests.test_auto_mixer_subscription_expiry.TestAutoMixerAgentStatus" name="test_agent_status_no_errors" time="1.125" /><testcase classname="backend.tests.test_auto_mixer_subscription_expiry.TestAutoMixerAgentStatus" name="test_agent_status_activity_stats" time="1.159" /><testcase classname="backend.tests.test_auto_mixer_subscription_expiry.TestAutoMixerSubscriptionEndpoint" name="test_subscription_returns_expiry_fields" time="0.146" /><testcase classname="backend.tests.test_auto_mixer_subscription_expiry.TestAutoMixerSubscriptionEndpoint" name="test_subscription_no_datetime_errors" time="0.616" /><testcase classname="backend.tests.test_auto_mixer_subscription_expiry.TestAutoMixerDetailedStats" name="test_detailed_stats_no_errors" time="0.145" /><testcase classname="backend.tests.test_auto_mixer_subscription_expiry.TestAutoMixerTriggerNow" name="test_trigger_now_no_datetime_errors" time="0.848" /><testcase classname="backend.tests.test_auto_mixer_subscription_expiry.TestAutoMixerTriggerNow" name="test_trigger_now_filters_expired" time="0.675" /><testcase classname="backend.tests.test_auto_mixer_subscription_expiry.TestTreatCreationNoRegression" name="test_enhanced_treat_creation" time="0.754" /></testsuite></testsuites>