<?xml version="1.0" encoding="utf-8"?><testsuites name="pytest tests"><testsuite name="pytest" errors="0" failures="0" skipped="0" tests="16" time="3.149" timestamp="2026-02-26T01:37:34.490415+00:00" hostname="agent-env-49ae7e3d-167c-45c5-a59a-166c468c09c6"><testcase classname="backend.tests.test_bug_fixes_v2.TestTimestampUTCMarkers" name="test_activity_recent_timestamps_have_utc" time="0.186" /><testcase classname="backend.tests.test_bug_fixes_v2.TestTimestampUTCMarkers" name="test_chat_messages_timestamps_have_utc" time="0.317" /><testcase classname="backend.tests.test_bug_fixes_v2.TestTimestampUTCMarkers" name="test_timestamps_are_iso_format" time="0.157" /><testcase classname="backend.tests.test_bug_fixes_v2.TestHappyHourBonus" name="test_happy_hour_status_returns_bonus_percent" time="0.126" /><testcase classname="backend.tests.test_bug_fixes_v2.TestHappyHourBonus" name="test_happy_hour_status_has_active_flag" time="0.129" /><testcase classname="backend.tests.test_bug_fixes_v2.TestHappyHourBonus" name="test_collect_treat_endpoint_structure" time="0.099" /><testcase classname="backend.tests.test_bug_fixes_v2.TestKernelOfWowHolder" name="test_special_ingredient_current_endpoint" time="0.153" /><testcase classname="backend.tests.test_bug_fixes_v2.TestKernelOfWowHolder" name="test_kernel_holder_is_real_player" time="0.270" /><testcase classname="backend.tests.test_bug_fixes_v2.TestKernelOfWowHolder" name="test_kernel_holder_has_valid_expiry" time="0.150" /><testcase classname="backend.tests.test_bug_fixes_v2.TestLeaderboard" name="test_leaderboard_returns_data" time="0.407" /><testcase classname="backend.tests.test_bug_fixes_v2.TestLeaderboard" name="test_leaderboard_players_have_valid_nicknames" time="0.201" /><testcase classname="backend.tests.test_bug_fixes_v2.TestAPIEndpoints" name="test_activity_endpoint" time="0.155" /><testcase classname="backend.tests.test_bug_fixes_v2.TestAPIEndpoints" name="test_chat_endpoint" time="0.165" /><testcase classname="backend.tests.test_bug_fixes_v2.TestAPIEndpoints" name="test_happy_hour_endpoint" time="0.120" /><testcase classname="backend.tests.test_bug_fixes_v2.TestAPIEndpoints" name="test_special_ingredient_endpoint" time="0.165" /><testcase classname="backend.tests.test_bug_fixes_v2.TestAPIEndpoints" name="test_leaderboard_endpoint" time="0.219" /></testsuite></testsuites>