<?xml version="1.0" encoding="utf-8"?><testsuites name="pytest tests"><testsuite name="pytest" errors="0" failures="1" skipped="0" tests="12" time="20.426" timestamp="2026-02-24T16:17:28.438384+00:00" hostname="agent-env-fa89fda3-a5c9-45c6-83e1-f79763dc74b6"><testcase classname="backend.tests.test_bug_fixes.TestHealthAndBasics" name="test_backend_health_root" time="0.282" /><testcase classname="backend.tests.test_bug_fixes.TestHealthAndBasics" name="test_api_health_endpoint" time="0.706" /><testcase classname="backend.tests.test_bug_fixes.TestPlayerCountConsistency" name="test_stats_endpoint_returns_eligible_players" time="0.499" /><testcase classname="backend.tests.test_bug_fixes.TestPlayerCountConsistency" name="test_leaderboard_returns_all_eligible" time="0.485" /><testcase classname="backend.tests.test_bug_fixes.TestPlayerCountConsistency" name="test_leaderboard_with_high_limit" time="0.279" /><testcase classname="backend.tests.test_bug_fixes.TestPlayerCountConsistency" name="test_stats_total_players_equals_leaderboard_count" time="0.537" /><testcase classname="backend.tests.test_bug_fixes.TestNFTVerification" name="test_admin_verify_all_nft_holders_endpoint_exists" time="15.225"><failure message="AssertionError: assert 'already_credited' in {'already_credited_count': 47, 'error_count': 0, 'errors': [], 'newly_credited': [], ...}">backend/tests/test_bug_fixes.py:129: in test_admin_verify_all_nft_holders_endpoint_exists
    assert "already_credited" in data
E   AssertionError: assert 'already_credited' in {'already_credited_count': 47, 'error_count': 0, 'errors': [], 'newly_credited': [], ...}</failure></testcase><testcase classname="backend.tests.test_bug_fixes.TestNFTVerification" name="test_nft_holders_have_vip_status_on_leaderboard" time="0.451" /><testcase classname="backend.tests.test_bug_fixes.TestVerifyNFTEndpoint" name="test_verify_nft_endpoint_exists" time="0.422" /><testcase classname="backend.tests.test_bug_fixes.TestVerifyNFTEndpoint" name="test_verify_nft_with_false_triggers_server_check" time="0.423" /><testcase classname="backend.tests.test_bug_fixes.TestProductionBackend" name="test_production_health" time="0.295" /><testcase classname="backend.tests.test_bug_fixes.TestProductionBackend" name="test_production_stats_leaderboard_consistency" time="0.574" /></testsuite></testsuites>