<?xml version="1.0" encoding="utf-8"?><testsuites name="pytest tests"><testsuite name="pytest" errors="0" failures="0" skipped="0" tests="12" time="20.461" timestamp="2026-02-24T16:18:03.783859+00:00" hostname="agent-env-fa89fda3-a5c9-45c6-83e1-f79763dc74b6"><testcase classname="backend.tests.test_bug_fixes.TestHealthAndBasics" name="test_backend_health_root" time="0.195" /><testcase classname="backend.tests.test_bug_fixes.TestHealthAndBasics" name="test_api_health_endpoint" time="0.718" /><testcase classname="backend.tests.test_bug_fixes.TestPlayerCountConsistency" name="test_stats_endpoint_returns_eligible_players" time="0.359" /><testcase classname="backend.tests.test_bug_fixes.TestPlayerCountConsistency" name="test_leaderboard_returns_all_eligible" time="0.533" /><testcase classname="backend.tests.test_bug_fixes.TestPlayerCountConsistency" name="test_leaderboard_with_high_limit" time="0.208" /><testcase classname="backend.tests.test_bug_fixes.TestPlayerCountConsistency" name="test_stats_total_players_equals_leaderboard_count" time="0.743" /><testcase classname="backend.tests.test_bug_fixes.TestNFTVerification" name="test_admin_verify_all_nft_holders_endpoint_exists" time="15.547" /><testcase classname="backend.tests.test_bug_fixes.TestNFTVerification" name="test_nft_holders_have_vip_status_on_leaderboard" time="0.413" /><testcase classname="backend.tests.test_bug_fixes.TestVerifyNFTEndpoint" name="test_verify_nft_endpoint_exists" time="0.407" /><testcase classname="backend.tests.test_bug_fixes.TestVerifyNFTEndpoint" name="test_verify_nft_with_false_triggers_server_check" time="0.388" /><testcase classname="backend.tests.test_bug_fixes.TestProductionBackend" name="test_production_health" time="0.188" /><testcase classname="backend.tests.test_bug_fixes.TestProductionBackend" name="test_production_stats_leaderboard_consistency" time="0.581" /></testsuite></testsuites>