<?xml version="1.0" encoding="utf-8"?><testsuites name="pytest tests"><testsuite name="pytest" errors="0" failures="4" skipped="0" tests="16" time="3.853" timestamp="2026-02-26T01:36:50.012378+00:00" hostname="agent-env-49ae7e3d-167c-45c5-a59a-166c468c09c6"><testcase classname="backend.tests.test_bug_fixes_v2.TestTimestampUTCMarkers" name="test_activity_recent_timestamps_have_utc" time="0.785" /><testcase classname="backend.tests.test_bug_fixes_v2.TestTimestampUTCMarkers" name="test_chat_messages_timestamps_have_utc" time="0.370" /><testcase classname="backend.tests.test_bug_fixes_v2.TestTimestampUTCMarkers" name="test_timestamps_are_iso_format" time="0.178" /><testcase classname="backend.tests.test_bug_fixes_v2.TestHappyHourBonus" name="test_happy_hour_status_returns_bonus_percent" time="0.126" /><testcase classname="backend.tests.test_bug_fixes_v2.TestHappyHourBonus" name="test_happy_hour_status_has_active_flag" time="0.103" /><testcase classname="backend.tests.test_bug_fixes_v2.TestHappyHourBonus" name="test_collect_treat_endpoint_structure" time="0.103" /><testcase classname="backend.tests.test_bug_fixes_v2.TestKernelOfWowHolder" name="test_special_ingredient_current_endpoint" time="0.222"><failure message="AssertionError: Special ingredient API failed: {&quot;detail&quot;:&quot;can't subtract offset-naive and offset-aware datetimes&quot;}&#10;assert 500 == 200&#10; +  where 500 = &lt;Response [500]&gt;.status_code">backend/tests/test_bug_fixes_v2.py:142: in test_special_ingredient_current_endpoint
    assert response.status_code == 200, f"Special ingredient API failed: {response.text}"
E   AssertionError: Special ingredient API failed: {"detail":"can't subtract offset-naive and offset-aware datetimes"}
E   assert 500 == 200
E    +  where 500 = &lt;Response [500]&gt;.status_code</failure></testcase><testcase classname="backend.tests.test_bug_fixes_v2.TestKernelOfWowHolder" name="test_kernel_holder_is_real_player" time="0.138"><failure message="assert 500 == 200&#10; +  where 500 = &lt;Response [500]&gt;.status_code">backend/tests/test_bug_fixes_v2.py:161: in test_kernel_holder_is_real_player
    assert response.status_code == 200
E   assert 500 == 200
E    +  where 500 = &lt;Response [500]&gt;.status_code</failure></testcase><testcase classname="backend.tests.test_bug_fixes_v2.TestKernelOfWowHolder" name="test_kernel_holder_has_valid_expiry" time="0.182"><failure message="assert 500 == 200&#10; +  where 500 = &lt;Response [500]&gt;.status_code">backend/tests/test_bug_fixes_v2.py:193: in test_kernel_holder_has_valid_expiry
    assert response.status_code == 200
E   assert 500 == 200
E    +  where 500 = &lt;Response [500]&gt;.status_code</failure></testcase><testcase classname="backend.tests.test_bug_fixes_v2.TestLeaderboard" name="test_leaderboard_returns_data" time="0.380" /><testcase classname="backend.tests.test_bug_fixes_v2.TestLeaderboard" name="test_leaderboard_players_have_valid_nicknames" time="0.199" /><testcase classname="backend.tests.test_bug_fixes_v2.TestAPIEndpoints" name="test_activity_endpoint" time="0.172" /><testcase classname="backend.tests.test_bug_fixes_v2.TestAPIEndpoints" name="test_chat_endpoint" time="0.158" /><testcase classname="backend.tests.test_bug_fixes_v2.TestAPIEndpoints" name="test_happy_hour_endpoint" time="0.160" /><testcase classname="backend.tests.test_bug_fixes_v2.TestAPIEndpoints" name="test_special_ingredient_endpoint" time="0.148"><failure message="assert 500 == 200&#10; +  where 500 = &lt;Response [500]&gt;.status_code">backend/tests/test_bug_fixes_v2.py:279: in test_special_ingredient_endpoint
    assert response.status_code == 200
E   assert 500 == 200
E    +  where 500 = &lt;Response [500]&gt;.status_code</failure></testcase><testcase classname="backend.tests.test_bug_fixes_v2.TestAPIEndpoints" name="test_leaderboard_endpoint" time="0.211" /></testsuite></testsuites>