<?xml version="1.0" encoding="utf-8"?><testsuites name="pytest tests"><testsuite name="pytest" errors="0" failures="0" skipped="0" tests="8" time="3.724" timestamp="2026-02-24T22:57:46.713693+00:00" hostname="agent-env-aafca01d-9ce5-48a7-ad00-61d3f54ff588"><testcase classname="backend.tests.test_chat_api.TestChatAPI" name="test_get_chat_messages_returns_valid_response" time="2.284" /><testcase classname="backend.tests.test_chat_api.TestChatAPI" name="test_post_chat_send_missing_player_returns_error" time="0.134" /><testcase classname="backend.tests.test_chat_api.TestChatAPI" name="test_post_chat_send_missing_message_returns_error" time="0.145" /><testcase classname="backend.tests.test_chat_api.TestChatAPI" name="test_post_chat_send_validates_required_fields" time="0.172" /><testcase classname="backend.tests.test_chat_api.TestChatAPI" name="test_post_chat_send_nonexistent_player" time="0.178" /><testcase classname="backend.tests.test_chat_api.TestMainMenuAPIs" name="test_stats_endpoint" time="0.335" /><testcase classname="backend.tests.test_chat_api.TestMainMenuAPIs" name="test_activity_recent" time="0.150" /><testcase classname="backend.tests.test_chat_api.TestMainMenuAPIs" name="test_happy_hour_status" time="0.197" /></testsuite></testsuites>