<?xml version="1.0" encoding="utf-8"?><testsuites name="pytest tests"><testsuite name="pytest" errors="0" failures="1" skipped="0" tests="16" time="4.127" timestamp="2026-02-15T11:17:35.422418+00:00" hostname="agent-env-a030989e-6b9d-4a31-ab54-a0f7bf6b7392"><testcase classname="backend.tests.test_extra_life.TestExtraLifePackages" name="test_get_packages_success" time="0.224" /><testcase classname="backend.tests.test_extra_life.TestExtraLifeCreate" name="test_create_purchase_basic_package" time="0.178" /><testcase classname="backend.tests.test_extra_life.TestExtraLifeCreate" name="test_create_purchase_standard_package" time="0.185" /><testcase classname="backend.tests.test_extra_life.TestExtraLifeCreate" name="test_create_purchase_premium_package" time="0.175" /><testcase classname="backend.tests.test_extra_life.TestExtraLifeCreate" name="test_create_purchase_invalid_package" time="0.086" /><testcase classname="backend.tests.test_extra_life.TestExtraLifeCreate" name="test_create_purchase_returns_existing" time="0.331" /><testcase classname="backend.tests.test_extra_life.TestExtraLifeStatus" name="test_get_status_no_purchases" time="0.214" /><testcase classname="backend.tests.test_extra_life.TestExtraLifeStatus" name="test_get_status_with_pending_purchase" time="0.370" /><testcase classname="backend.tests.test_extra_life.TestExtraLifeVerifyPayment" name="test_verify_payment_invalid_purchase_id" time="0.136" /><testcase classname="backend.tests.test_extra_life.TestExtraLifeVerifyPayment" name="test_verify_payment_fake_tx_hash" time="0.667"><failure message="assert 520 in [200, 400, 503]&#10; +  where 520 = &lt;Response [520]&gt;.status_code">backend/tests/test_extra_life.py:305: in test_verify_payment_fake_tx_hash
    assert verify_response.status_code in [200, 400, 503]
E   assert 520 in [200, 400, 503]
E    +  where 520 = &lt;Response [520]&gt;.status_code</failure></testcase><testcase classname="backend.tests.test_extra_life.TestExtraLifeCancel" name="test_cancel_pending_purchase" time="0.367" /><testcase classname="backend.tests.test_extra_life.TestExtraLifeCancel" name="test_cancel_nonexistent_purchase" time="0.180" /><testcase classname="backend.tests.test_extra_life.TestExtraLifeCancel" name="test_cancel_wrong_player" time="0.365" /><testcase classname="backend.tests.test_extra_life.TestDailyStatusWithExtraLife" name="test_daily_status_includes_extra_life_packages" time="0.267" /><testcase classname="backend.tests.test_extra_life.TestDebugEndpointSecurity" name="test_debug_subscriptions_requires_admin_secret" time="0.101" /><testcase classname="backend.tests.test_extra_life.TestDebugEndpointSecurity" name="test_debug_subscriptions_rejects_invalid_secret" time="0.076" /></testsuite></testsuites>