<?xml version="1.0" encoding="utf-8"?><testsuites name="pytest tests"><testsuite name="pytest" errors="0" failures="0" skipped="0" tests="10" time="1.131" timestamp="2026-02-21T12:49:29.757314+00:00" hostname="agent-env-fa89fda3-a5c9-45c6-83e1-f79763dc74b6"><testcase classname="backend.tests.test_happy_hour.TestHappyHourStatus" name="test_happy_hour_status_endpoint_returns_200" time="0.156" /><testcase classname="backend.tests.test_happy_hour.TestHappyHourStatus" name="test_happy_hour_status_structure_when_inactive" time="0.105" /><testcase classname="backend.tests.test_happy_hour.TestHappyHourStatus" name="test_happy_hour_inactive_has_countdown" time="0.087" /><testcase classname="backend.tests.test_happy_hour.TestHappyHourStatus" name="test_happy_hour_status_data_types" time="0.087" /><testcase classname="backend.tests.test_happy_hour.TestBackendHealth" name="test_api_health_endpoint" time="0.132" /><testcase classname="backend.tests.test_happy_hour.TestTreatCollectionEndpoint" name="test_collect_treat_endpoint_exists" time="0.126" /><testcase classname="backend.tests.test_happy_hour.TestTreatCollectionEndpoint" name="test_collect_treat_requires_player_address" time="0.133" /><testcase classname="backend.tests.test_happy_hour.TestSparklesRemoval" name="test_no_sparkles_import" time="0.007" /><testcase classname="backend.tests.test_happy_hour.TestFrontendBuild" name="test_frontend_loads" time="0.088" /><testcase classname="backend.tests.test_happy_hour.TestHappyHourIntegration" name="test_happy_hour_reflects_current_time" time="0.083" /></testsuite></testsuites>