<?xml version="1.0" encoding="utf-8"?><testsuites name="pytest tests"><testsuite name="pytest" errors="0" failures="0" skipped="0" tests="8" time="6.329" timestamp="2026-03-08T09:55:56.321219+00:00" hostname="agent-env-e0bac6a8-d414-4d5c-aa60-aba982c29479"><testcase classname="tests.test_leaderboard_fix.TestLeaderboardEndpoint" name="test_leaderboard_returns_200" time="0.834" /><testcase classname="tests.test_leaderboard_fix.TestLeaderboardEndpoint" name="test_leaderboard_response_structure" time="0.542" /><testcase classname="tests.test_leaderboard_fix.TestLeaderboardEndpoint" name="test_leaderboard_entry_fields" time="0.580" /><testcase classname="tests.test_leaderboard_fix.TestLeaderboardEndpoint" name="test_leaderboard_with_nft_holders_only_true" time="0.656" /><testcase classname="tests.test_leaderboard_fix.TestLeaderboardEndpoint" name="test_leaderboard_with_nft_holders_only_false" time="2.217" /><testcase classname="tests.test_leaderboard_fix.TestLeaderboardEndpoint" name="test_leaderboard_limit_parameter" time="0.245" /><testcase classname="tests.test_leaderboard_fix.TestLeaderboardEndpoint" name="test_leaderboard_ranks_are_sequential" time="0.574" /><testcase classname="tests.test_leaderboard_fix.TestLeaderboardEndpoint" name="test_leaderboard_sorted_by_points" time="0.545" /></testsuite></testsuites>