<?xml version="1.0" encoding="utf-8"?><testsuites name="pytest tests"><testsuite name="pytest" errors="0" failures="0" skipped="0" tests="8" time="2.259" timestamp="2026-02-24T22:30:02.227504+00:00" hostname="agent-env-aafca01d-9ce5-48a7-ad00-61d3f54ff588"><testcase classname="backend.tests.test_main_menu_apis.TestMainMenuAPIs" name="test_stats_endpoint" time="0.375" /><testcase classname="backend.tests.test_main_menu_apis.TestMainMenuAPIs" name="test_activity_recent_endpoint" time="0.240" /><testcase classname="backend.tests.test_main_menu_apis.TestMainMenuAPIs" name="test_happy_hour_status_endpoint" time="0.327" /><testcase classname="backend.tests.test_main_menu_apis.TestMainMenuAPIs" name="test_leaderboard_endpoint" time="0.420" /><testcase classname="backend.tests.test_main_menu_apis.TestGuestRegistration" name="test_guest_register_endpoint_exists" time="0.119" /><testcase classname="backend.tests.test_main_menu_apis.TestGuestRegistration" name="test_guest_register_validation" time="0.144" /><testcase classname="backend.tests.test_main_menu_apis.TestHealthEndpoints" name="test_root_endpoint" time="0.188" /><testcase classname="backend.tests.test_main_menu_apis.TestHealthEndpoints" name="test_health_endpoint" time="0.322" /></testsuite></testsuites>