<?xml version="1.0" encoding="utf-8"?><testsuites name="pytest tests"><testsuite name="pytest" errors="0" failures="0" skipped="0" tests="11" time="4.491" timestamp="2026-03-06T03:39:30.949814+00:00" hostname="agent-env-e0bac6a8-d414-4d5c-aa60-aba982c29479"><testcase classname="backend.tests.test_p0_bugs.TestIngredientUnlockByLevel" name="test_level_1_gets_core_ingredients_only" time="0.225" /><testcase classname="backend.tests.test_p0_bugs.TestIngredientUnlockByLevel" name="test_level_6_unlocks_elonverse_ingredients" time="0.107" /><testcase classname="backend.tests.test_p0_bugs.TestIngredientUnlockByLevel" name="test_level_12_unlocks_space_and_lab_ingredients" time="0.099" /><testcase classname="backend.tests.test_p0_bugs.TestIngredientUnlockByLevel" name="test_level_20_unlocks_mythic_ingredients" time="0.103" /><testcase classname="backend.tests.test_p0_bugs.TestIngredientUnlockByLevel" name="test_ingredient_count_increases_with_level" time="0.937" /><testcase classname="backend.tests.test_p0_bugs.TestSpinWheelDeterminism" name="test_spin_returns_all_required_fields" time="0.206" /><testcase classname="backend.tests.test_p0_bugs.TestSpinWheelDeterminism" name="test_landing_angle_matches_prize_index" time="0.213" /><testcase classname="backend.tests.test_p0_bugs.TestSpinWheelDeterminism" name="test_multiple_spins_have_consistent_math" time="1.582" /><testcase classname="backend.tests.test_p0_bugs.TestSpinWheelDeterminism" name="test_spin_cooldown_enforced" time="0.350" /><testcase classname="backend.tests.test_p0_bugs.TestPlayerDataFlow" name="test_player_endpoint_returns_level" time="0.132" /><testcase classname="backend.tests.test_p0_bugs.TestPlayerDataFlow" name="test_ingredient_unlock_sequence" time="0.378" /></testsuite></testsuites>