<?xml version="1.0" encoding="utf-8"?><testsuites name="pytest tests"><testsuite name="pytest" errors="0" failures="2" skipped="0" tests="20" time="11.542" timestamp="2026-02-18T02:06:39.457171+00:00" hostname="agent-env-5d3ff54d-efc1-4554-a9bd-afe3535d6be0"><testcase classname="backend.tests.test_payment_system_v2.TestHealthEndpoints" name="test_root_endpoint_fast_response" time="0.248"><failure message="requests.exceptions.JSONDecodeError: Expecting value: line 1 column 1 (char 0)">/root/.venv/lib/python3.11/site-packages/requests/models.py:976: in json
    return complexjson.loads(self.text, **kwargs)
           ^^^^^^^^^^^^^^^^^^^^^^^^^^^^^^^^^^^^^^
/usr/local/lib/python3.11/json/__init__.py:346: in loads
    return _default_decoder.decode(s)
           ^^^^^^^^^^^^^^^^^^^^^^^^^^
/usr/local/lib/python3.11/json/decoder.py:337: in decode
    obj, end = self.raw_decode(s, idx=_w(s, 0).end())
               ^^^^^^^^^^^^^^^^^^^^^^^^^^^^^^^^^^^^^^
/usr/local/lib/python3.11/json/decoder.py:355: in raw_decode
    raise JSONDecodeError("Expecting value", s, err.value) from None
E   json.decoder.JSONDecodeError: Expecting value: line 1 column 1 (char 0)

During handling of the above exception, another exception occurred:
backend/tests/test_payment_system_v2.py:47: in test_root_endpoint_fast_response
    data = response.json()
           ^^^^^^^^^^^^^^^
/root/.venv/lib/python3.11/site-packages/requests/models.py:980: in json
    raise RequestsJSONDecodeError(e.msg, e.doc, e.pos)
E   requests.exceptions.JSONDecodeError: Expecting value: line 1 column 1 (char 0)</failure></testcase><testcase classname="backend.tests.test_payment_system_v2.TestHealthEndpoints" name="test_health_endpoint_fast_response" time="0.105"><failure message="requests.exceptions.JSONDecodeError: Expecting value: line 1 column 1 (char 0)">/root/.venv/lib/python3.11/site-packages/requests/models.py:976: in json
    return complexjson.loads(self.text, **kwargs)
           ^^^^^^^^^^^^^^^^^^^^^^^^^^^^^^^^^^^^^^
/usr/local/lib/python3.11/json/__init__.py:346: in loads
    return _default_decoder.decode(s)
           ^^^^^^^^^^^^^^^^^^^^^^^^^^
/usr/local/lib/python3.11/json/decoder.py:337: in decode
    obj, end = self.raw_decode(s, idx=_w(s, 0).end())
               ^^^^^^^^^^^^^^^^^^^^^^^^^^^^^^^^^^^^^^
/usr/local/lib/python3.11/json/decoder.py:355: in raw_decode
    raise JSONDecodeError("Expecting value", s, err.value) from None
E   json.decoder.JSONDecodeError: Expecting value: line 1 column 1 (char 0)

During handling of the above exception, another exception occurred:
backend/tests/test_payment_system_v2.py:61: in test_health_endpoint_fast_response
    data = response.json()
           ^^^^^^^^^^^^^^^
/root/.venv/lib/python3.11/site-packages/requests/models.py:980: in json
    raise RequestsJSONDecodeError(e.msg, e.doc, e.pos)
E   requests.exceptions.JSONDecodeError: Expecting value: line 1 column 1 (char 0)</failure></testcase><testcase classname="backend.tests.test_payment_system_v2.TestHealthEndpoints" name="test_api_health_with_database" time="0.780" /><testcase classname="backend.tests.test_payment_system_v2.TestExtraLifePackages" name="test_packages_returns_three_packages" time="0.131" /><testcase classname="backend.tests.test_payment_system_v2.TestExtraLifeCreate" name="test_create_purchase_basic" time="0.336" /><testcase classname="backend.tests.test_payment_system_v2.TestExtraLifeCreate" name="test_create_purchase_standard" time="0.303" /><testcase classname="backend.tests.test_payment_system_v2.TestExtraLifeCreate" name="test_create_purchase_premium" time="0.287" /><testcase classname="backend.tests.test_payment_system_v2.TestExtraLifeCreate" name="test_create_returns_existing_pending" time="0.451" /><testcase classname="backend.tests.test_payment_system_v2.TestExtraLifeCreate" name="test_create_invalid_package_returns_400" time="0.125" /><testcase classname="backend.tests.test_payment_system_v2.TestExtraLifeStatus" name="test_status_returns_pending_and_history" time="0.575" /><testcase classname="backend.tests.test_payment_system_v2.TestExtraLifeStatus" name="test_status_new_player_empty" time="0.294" /><testcase classname="backend.tests.test_payment_system_v2.TestPaymentCheckEndpoints" name="test_check_pending_returns_counts" time="1.290" /><testcase classname="backend.tests.test_payment_system_v2.TestPaymentCheckEndpoints" name="test_recheck_unmatched_returns_count" time="0.169" /><testcase classname="backend.tests.test_payment_system_v2.TestExtraLifeCancel" name="test_cancel_pending_purchase" time="0.731" /><testcase classname="backend.tests.test_payment_system_v2.TestExtraLifeCancel" name="test_cancel_nonexistent_returns_404" time="0.191" /><testcase classname="backend.tests.test_payment_system_v2.TestExtraLifeCancel" name="test_cancel_wrong_player_returns_404" time="0.414" /><testcase classname="backend.tests.test_payment_system_v2.TestPaymentPendingEndpoint" name="test_pending_payments_endpoint" time="0.750" /><testcase classname="backend.tests.test_payment_system_v2.TestIntegrationFlow" name="test_complete_purchase_flow" time="1.079" /><testcase classname="backend.tests.test_payment_system_v2.TestIntegrationFlow" name="test_payment_check_does_not_crash" time="1.266" /><testcase classname="backend.tests.test_payment_system_v2.TestTestAddressFiltering" name="test_testbot_prefix_filtered" time="1.643" /></testsuite></testsuites>