<?xml version="1.0" encoding="utf-8"?><testsuites name="pytest tests"><testsuite name="pytest" errors="0" failures="0" skipped="0" tests="21" time="10.492" timestamp="2026-02-18T02:07:20.506837+00:00" hostname="agent-env-5d3ff54d-efc1-4554-a9bd-afe3535d6be0"><testcase classname="backend.tests.test_payment_system_v2.TestHealthEndpoints" name="test_root_endpoint_returns_html" time="0.190" /><testcase classname="backend.tests.test_payment_system_v2.TestHealthEndpoints" name="test_health_endpoint_returns_html" time="0.146" /><testcase classname="backend.tests.test_payment_system_v2.TestHealthEndpoints" name="test_api_health_with_database" time="0.713" /><testcase classname="backend.tests.test_payment_system_v2.TestHealthEndpoints" name="test_api_root_returns_json" time="0.114" /><testcase classname="backend.tests.test_payment_system_v2.TestExtraLifePackages" name="test_packages_returns_three_packages" time="0.110" /><testcase classname="backend.tests.test_payment_system_v2.TestExtraLifeCreate" name="test_create_purchase_basic" time="0.256" /><testcase classname="backend.tests.test_payment_system_v2.TestExtraLifeCreate" name="test_create_purchase_standard" time="0.234" /><testcase classname="backend.tests.test_payment_system_v2.TestExtraLifeCreate" name="test_create_purchase_premium" time="0.234" /><testcase classname="backend.tests.test_payment_system_v2.TestExtraLifeCreate" name="test_create_returns_existing_pending" time="0.406" /><testcase classname="backend.tests.test_payment_system_v2.TestExtraLifeCreate" name="test_create_invalid_package_returns_400" time="0.129" /><testcase classname="backend.tests.test_payment_system_v2.TestExtraLifeStatus" name="test_status_returns_pending_and_history" time="0.477" /><testcase classname="backend.tests.test_payment_system_v2.TestExtraLifeStatus" name="test_status_new_player_empty" time="0.260" /><testcase classname="backend.tests.test_payment_system_v2.TestPaymentCheckEndpoints" name="test_check_pending_returns_counts" time="1.158" /><testcase classname="backend.tests.test_payment_system_v2.TestPaymentCheckEndpoints" name="test_recheck_unmatched_returns_count" time="0.329" /><testcase classname="backend.tests.test_payment_system_v2.TestExtraLifeCancel" name="test_cancel_pending_purchase" time="0.704" /><testcase classname="backend.tests.test_payment_system_v2.TestExtraLifeCancel" name="test_cancel_nonexistent_returns_404" time="0.210" /><testcase classname="backend.tests.test_payment_system_v2.TestExtraLifeCancel" name="test_cancel_wrong_player_returns_404" time="0.409" /><testcase classname="backend.tests.test_payment_system_v2.TestPaymentPendingEndpoint" name="test_pending_payments_endpoint" time="0.210" /><testcase classname="backend.tests.test_payment_system_v2.TestIntegrationFlow" name="test_complete_purchase_flow" time="1.187" /><testcase classname="backend.tests.test_payment_system_v2.TestIntegrationFlow" name="test_payment_check_does_not_crash" time="1.183" /><testcase classname="backend.tests.test_payment_system_v2.TestTestAddressFiltering" name="test_testbot_prefix_filtered" time="1.581" /></testsuite></testsuites>