<?xml version="1.0" encoding="utf-8"?><testsuites name="pytest tests"><testsuite name="pytest" errors="0" failures="0" skipped="0" tests="42" time="15.045" timestamp="2026-03-02T12:54:10.739071+00:00" hostname="agent-env-d0ea7077-7948-4e71-b0f7-018cb45b882b"><testcase classname="backend.tests.test_treat_creation_performance.TestEnhancedTreatCreationPerformance" name="test_enhanced_treat_creation_responds_under_3_seconds" time="0.605" /><testcase classname="backend.tests.test_treat_creation_performance.TestEnhancedTreatCreationPerformance" name="test_enhanced_treat_response_contains_treat_field" time="0.549" /><testcase classname="backend.tests.test_treat_creation_performance.TestEnhancedTreatCreationPerformance" name="test_enhanced_treat_response_contains_outcome_field" time="0.524" /><testcase classname="backend.tests.test_treat_creation_performance.TestEnhancedTreatCreationPerformance" name="test_enhanced_treat_response_contains_daily_status" time="0.539" /><testcase classname="backend.tests.test_treat_creation_performance.TestEnhancedTreatCreationPerformance" name="test_enhanced_treat_response_contains_streak" time="0.522" /><testcase classname="backend.tests.test_treat_creation_performance.TestEnhancedTreatCreationPerformance" name="test_enhanced_treat_response_contains_message" time="0.565" /><testcase classname="backend.tests.test_treat_creation_performance.TestDailyStatusEndpoint" name="test_daily_status_endpoint_responds" time="0.212" /><testcase classname="backend.tests.test_treat_creation_performance.TestDailyStatusEndpoint" name="test_daily_status_contains_required_fields" time="0.188" /><testcase classname="backend.tests.test_treat_creation_performance.TestDailyStatusEndpoint" name="test_daily_status_performance" time="0.192" /><testcase classname="backend.tests.test_treat_creation_performance.TestPlayerEndpoint" name="test_player_endpoint_responds" time="0.167" /><testcase classname="backend.tests.test_treat_creation_performance.TestPlayerEndpoint" name="test_player_endpoint_performance" time="0.137" /><testcase classname="backend.tests.test_treat_creation_performance.TestActiveTreatsEndpoint" name="test_active_treats_endpoint_responds" time="0.140" /><testcase classname="backend.tests.test_treat_creation_performance.TestActiveTreatsEndpoint" name="test_active_treats_contains_treats_array" time="0.175" /><testcase classname="backend.tests.test_treat_creation_performance.TestActiveTreatsEndpoint" name="test_active_treats_performance" time="0.138" /><testcase classname="backend.tests.test_treat_creation_performance.TestStatsEndpoint" name="test_stats_endpoint_responds" time="0.213" /><testcase classname="backend.tests.test_treat_creation_performance.TestStatsEndpoint" name="test_stats_performance" time="0.206" /><testcase classname="backend.tests.test_treat_creation_performance.TestLeaderboardEndpoint" name="test_leaderboard_endpoint_responds" time="0.281" /><testcase classname="backend.tests.test_treat_creation_performance.TestLeaderboardEndpoint" name="test_leaderboard_performance" time="0.264" /><testcase classname="backend.tests.test_treat_creation_performance.TestAntiCheatValidation" name="test_rate_limiting_works" time="4.665" /><testcase classname="backend.tests.test_treat_creation_performance.TestAntiCheatValidation" name="test_daily_limit_enforced" time="0.218" /><testcase classname="backend.tests.test_performance_optimizations_v2.TestCollectTreatParallelFetch" name="test_collect_treat_endpoint_exists" time="0.133" /><testcase classname="backend.tests.test_performance_optimizations_v2.TestCollectTreatParallelFetch" name="test_collect_treat_requires_player_address" time="0.084" /><testcase classname="backend.tests.test_performance_optimizations_v2.TestCollectTreatParallelFetch" name="test_collect_treat_performance_under_2s" time="0.131" /><testcase classname="backend.tests.test_performance_optimizations_v2.TestPlayerProfileCentralizedLookup" name="test_player_profile_endpoint_exists" time="0.148" /><testcase classname="backend.tests.test_performance_optimizations_v2.TestPlayerProfileCentralizedLookup" name="test_player_profile_for_tg_user" time="0.131" /><testcase classname="backend.tests.test_performance_optimizations_v2.TestPlayerProfileCentralizedLookup" name="test_player_profile_returns_required_fields" time="0.179" /><testcase classname="backend.tests.test_performance_optimizations_v2.TestPlayerProfileCentralizedLookup" name="test_player_profile_performance_under_2s" time="0.143" /><testcase classname="backend.tests.test_performance_optimizations_v2.TestPlayerProfileCentralizedLookup" name="test_player_profile_handles_case_insensitive_tg_prefix" time="0.448" /><testcase classname="backend.tests.test_performance_optimizations_v2.TestChatEndpoint" name="test_chat_messages_endpoint_exists" time="0.152" /><testcase classname="backend.tests.test_performance_optimizations_v2.TestChatEndpoint" name="test_chat_messages_returns_messages_array" time="0.149" /><testcase classname="backend.tests.test_performance_optimizations_v2.TestChatEndpoint" name="test_chat_messages_performance_under_2s" time="0.152" /><testcase classname="backend.tests.test_performance_optimizations_v2.TestLeaderboardCompoundIndexOptimization" name="test_leaderboard_responds_under_2s" time="0.254" /><testcase classname="backend.tests.test_performance_optimizations_v2.TestLeaderboardCompoundIndexOptimization" name="test_leaderboard_returns_valid_structure" time="0.262" /><testcase classname="backend.tests.test_performance_optimizations_v2.TestStatsCompoundIndexOptimization" name="test_stats_responds_under_2s" time="0.207" /><testcase classname="backend.tests.test_performance_optimizations_v2.TestStatsCompoundIndexOptimization" name="test_stats_returns_valid_structure" time="0.207" /><testcase classname="backend.tests.test_performance_optimizations_v2.TestDailyStatusEndpoint" name="test_daily_status_for_tg_user" time="0.198" /><testcase classname="backend.tests.test_performance_optimizations_v2.TestDailyStatusEndpoint" name="test_daily_status_performance_under_2s" time="0.204" /><testcase classname="backend.tests.test_performance_optimizations_v2.TestPlayerEndpointRegular" name="test_player_endpoint_for_tg_user" time="0.139" /><testcase classname="backend.tests.test_performance_optimizations_v2.TestPlayerEndpointRegular" name="test_player_endpoint_performance" time="0.144" /><testcase classname="backend.tests.test_performance_optimizations_v2.TestActiveTreatsEndpoint" name="test_active_treats_for_tg_user" time="0.197" /><testcase classname="backend.tests.test_performance_optimizations_v2.TestActiveTreatsEndpoint" name="test_active_treats_performance" time="0.197" /><testcase classname="backend.tests.test_performance_optimizations_v2.TestTreatCreationPerformance" name="test_treat_creation_under_3_seconds" time="0.528" /></testsuite></testsuites>