<?xml version="1.0" encoding="utf-8"?><testsuites name="pytest tests"><testsuite name="pytest" errors="0" failures="0" skipped="0" tests="8" time="1.926" timestamp="2026-01-12T21:18:10.278827+00:00" hostname="agent-env-1b6cbb19-d321-4f38-8823-e06ebf61661d"><testcase classname="tests.test_anti_cheat.TestDailyStatusEndpoint" name="test_daily_status_returns_200" time="0.677" /><testcase classname="tests.test_anti_cheat.TestDailyStatusEndpoint" name="test_daily_status_response_structure" time="0.108" /><testcase classname="tests.test_anti_cheat.TestDailyStatusEndpoint" name="test_daily_status_correct_values" time="0.107" /><testcase classname="tests.test_anti_cheat.TestExtraLifeEndpoint" name="test_extra_life_returns_200" time="0.115" /><testcase classname="tests.test_anti_cheat.TestExtraLifeEndpoint" name="test_extra_life_placeholder_response" time="0.143" /><testcase classname="tests.test_anti_cheat.TestDailyLimitEnforcement" name="test_treat_creation_with_limit_check" time="0.105" /><testcase classname="tests.test_anti_cheat.TestHealthAndIntegration" name="test_api_health" time="0.102" /><testcase classname="tests.test_anti_cheat.TestHealthAndIntegration" name="test_daily_status_different_addresses" time="0.322" /></testsuite></testsuites>