<?xml version="1.0" encoding="utf-8"?><testsuites name="pytest tests"><testsuite name="pytest" errors="0" failures="0" skipped="0" tests="9" time="4.630" timestamp="2026-03-02T13:42:41.782351+00:00" hostname="agent-env-d0ea7077-7948-4e71-b0f7-018cb45b882b"><testcase classname="backend.tests.test_spin_wheel.TestSpinWheelStatus" name="test_spin_wheel_status_new_user" time="0.246" /><testcase classname="backend.tests.test_spin_wheel.TestSpinWheelStatus" name="test_spin_wheel_prizes_count" time="0.199" /><testcase classname="backend.tests.test_spin_wheel.TestSpinWheelSpin" name="test_spin_wheel_execute_spin" time="0.251" /><testcase classname="backend.tests.test_spin_wheel.TestSpinWheelSpin" name="test_spin_wheel_missing_address" time="0.096" /><testcase classname="backend.tests.test_spin_wheel.TestSpinWheelCooldown" name="test_spin_wheel_24h_cooldown" time="0.906" /><testcase classname="backend.tests.test_spin_wheel.TestSpinWheelCooldown" name="test_status_shows_cooldown_after_spin" time="0.627" /><testcase classname="backend.tests.test_spin_wheel.TestSpinWheelRewards" name="test_points_reward_updates_player" time="0.665" /><testcase classname="backend.tests.test_spin_wheel.TestRegressionChecks" name="test_auto_mixer_subscription_still_works" time="0.154" /><testcase classname="backend.tests.test_spin_wheel.TestRegressionChecks" name="test_treat_creation_still_works" time="1.324" /></testsuite></testsuites>