<?xml version="1.0" encoding="utf-8"?><testsuites name="pytest tests"><testsuite name="pytest" errors="0" failures="0" skipped="0" tests="13" time="4.342" timestamp="2026-02-26T23:10:24.013707+00:00" hostname="agent-env-2c252cad-a591-41ab-b425-9358e3a73148"><testcase classname="backend.tests.test_stats_leaderboard_consistency.TestStatsLeaderboardConsistency" name="test_leaderboard_loads_with_entries" time="0.354" /><testcase classname="backend.tests.test_stats_leaderboard_consistency.TestStatsLeaderboardConsistency" name="test_stats_loads_with_active_players" time="0.523" /><testcase classname="backend.tests.test_stats_leaderboard_consistency.TestStatsLeaderboardConsistency" name="test_active_player_count_consistency" time="0.850" /><testcase classname="backend.tests.test_stats_leaderboard_consistency.TestTelegramUserHandling" name="test_profile_lookup_tg_lowercase" time="0.191" /><testcase classname="backend.tests.test_stats_leaderboard_consistency.TestTelegramUserHandling" name="test_profile_lookup_TG_uppercase" time="0.176" /><testcase classname="backend.tests.test_stats_leaderboard_consistency.TestTelegramUserHandling" name="test_both_forms_return_same_data" time="0.352" /><testcase classname="backend.tests.test_stats_leaderboard_consistency.TestAPIPerformance" name="test_leaderboard_performance" time="0.304" /><testcase classname="backend.tests.test_stats_leaderboard_consistency.TestAPIPerformance" name="test_stats_performance" time="0.247" /><testcase classname="backend.tests.test_stats_leaderboard_consistency.TestAPIPerformance" name="test_chat_messages_performance" time="0.161" /><testcase classname="backend.tests.test_stats_leaderboard_consistency.TestAPIPerformance" name="test_happy_hour_status" time="0.104" /><testcase classname="backend.tests.test_stats_leaderboard_consistency.TestLeaderboardDataQuality" name="test_leaderboard_entries_have_required_fields" time="0.308" /><testcase classname="backend.tests.test_stats_leaderboard_consistency.TestLeaderboardDataQuality" name="test_leaderboard_sorted_by_points" time="0.297" /><testcase classname="backend.tests.test_stats_leaderboard_consistency.TestLeaderboardDataQuality" name="test_leaderboard_excludes_guest_user_placeholder" time="0.310" /></testsuite></testsuites>