<?xml version="1.0" encoding="utf-8"?><testsuites name="pytest tests"><testsuite name="pytest" errors="0" failures="0" skipped="0" tests="5" time="1.836" timestamp="2026-03-08T11:12:29.114091+00:00" hostname="agent-env-e0bac6a8-d414-4d5c-aa60-aba982c29479"><testcase classname="backend.tests.test_telegram_wallet_fix.TestLeaderboardAPI" name="test_leaderboard_returns_200" time="0.637" /><testcase classname="backend.tests.test_telegram_wallet_fix.TestLeaderboardAPI" name="test_leaderboard_response_structure" time="0.265" /><testcase classname="backend.tests.test_telegram_wallet_fix.TestLeaderboardAPI" name="test_leaderboard_respects_limit" time="0.245" /><testcase classname="backend.tests.test_telegram_wallet_fix.TestLeaderboardAPI" name="test_leaderboard_ranks_are_ordered" time="0.384" /><testcase classname="backend.tests.test_telegram_wallet_fix.TestHealthAPI" name="test_health_endpoint" time="0.165" /></testsuite></testsuites>