<?xml version="1.0" encoding="utf-8"?><testsuites name="pytest tests"><testsuite name="pytest" errors="0" failures="0" skipped="0" tests="20" time="12.162" timestamp="2026-02-27T01:52:57.980817+00:00" hostname="agent-env-d0ea7077-7948-4e71-b0f7-018cb45b882b"><testcase classname="backend.tests.test_treat_creation_performance.TestEnhancedTreatCreationPerformance" name="test_enhanced_treat_creation_responds_under_3_seconds" time="1.177" /><testcase classname="backend.tests.test_treat_creation_performance.TestEnhancedTreatCreationPerformance" name="test_enhanced_treat_response_contains_treat_field" time="0.593" /><testcase classname="backend.tests.test_treat_creation_performance.TestEnhancedTreatCreationPerformance" name="test_enhanced_treat_response_contains_outcome_field" time="0.547" /><testcase classname="backend.tests.test_treat_creation_performance.TestEnhancedTreatCreationPerformance" name="test_enhanced_treat_response_contains_daily_status" time="0.544" /><testcase classname="backend.tests.test_treat_creation_performance.TestEnhancedTreatCreationPerformance" name="test_enhanced_treat_response_contains_streak" time="0.566" /><testcase classname="backend.tests.test_treat_creation_performance.TestEnhancedTreatCreationPerformance" name="test_enhanced_treat_response_contains_message" time="0.562" /><testcase classname="backend.tests.test_treat_creation_performance.TestDailyStatusEndpoint" name="test_daily_status_endpoint_responds" time="0.289" /><testcase classname="backend.tests.test_treat_creation_performance.TestDailyStatusEndpoint" name="test_daily_status_contains_required_fields" time="0.261" /><testcase classname="backend.tests.test_treat_creation_performance.TestDailyStatusEndpoint" name="test_daily_status_performance" time="0.211" /><testcase classname="backend.tests.test_treat_creation_performance.TestPlayerEndpoint" name="test_player_endpoint_responds" time="0.161" /><testcase classname="backend.tests.test_treat_creation_performance.TestPlayerEndpoint" name="test_player_endpoint_performance" time="0.151" /><testcase classname="backend.tests.test_treat_creation_performance.TestActiveTreatsEndpoint" name="test_active_treats_endpoint_responds" time="0.191" /><testcase classname="backend.tests.test_treat_creation_performance.TestActiveTreatsEndpoint" name="test_active_treats_contains_treats_array" time="0.170" /><testcase classname="backend.tests.test_treat_creation_performance.TestActiveTreatsEndpoint" name="test_active_treats_performance" time="0.148" /><testcase classname="backend.tests.test_treat_creation_performance.TestStatsEndpoint" name="test_stats_endpoint_responds" time="0.528" /><testcase classname="backend.tests.test_treat_creation_performance.TestStatsEndpoint" name="test_stats_performance" time="0.231" /><testcase classname="backend.tests.test_treat_creation_performance.TestLeaderboardEndpoint" name="test_leaderboard_endpoint_responds" time="0.312" /><testcase classname="backend.tests.test_treat_creation_performance.TestLeaderboardEndpoint" name="test_leaderboard_performance" time="0.286" /><testcase classname="backend.tests.test_treat_creation_performance.TestAntiCheatValidation" name="test_rate_limiting_works" time="4.876" /><testcase classname="backend.tests.test_treat_creation_performance.TestAntiCheatValidation" name="test_daily_limit_enforced" time="0.207" /></testsuite></testsuites>