<?xml version="1.0" encoding="utf-8"?><testsuites name="pytest tests"><testsuite name="pytest" errors="0" failures="1" skipped="0" tests="20" time="12.245" timestamp="2026-02-27T01:52:11.779958+00:00" hostname="agent-env-d0ea7077-7948-4e71-b0f7-018cb45b882b"><testcase classname="backend.tests.test_treat_creation_performance.TestEnhancedTreatCreationPerformance" name="test_enhanced_treat_creation_responds_under_3_seconds" time="1.239" /><testcase classname="backend.tests.test_treat_creation_performance.TestEnhancedTreatCreationPerformance" name="test_enhanced_treat_response_contains_treat_field" time="0.612" /><testcase classname="backend.tests.test_treat_creation_performance.TestEnhancedTreatCreationPerformance" name="test_enhanced_treat_response_contains_outcome_field" time="0.568" /><testcase classname="backend.tests.test_treat_creation_performance.TestEnhancedTreatCreationPerformance" name="test_enhanced_treat_response_contains_daily_status" time="0.568" /><testcase classname="backend.tests.test_treat_creation_performance.TestEnhancedTreatCreationPerformance" name="test_enhanced_treat_response_contains_streak" time="0.561" /><testcase classname="backend.tests.test_treat_creation_performance.TestEnhancedTreatCreationPerformance" name="test_enhanced_treat_response_contains_message" time="0.541" /><testcase classname="backend.tests.test_treat_creation_performance.TestDailyStatusEndpoint" name="test_daily_status_endpoint_responds" time="0.223" /><testcase classname="backend.tests.test_treat_creation_performance.TestDailyStatusEndpoint" name="test_daily_status_contains_required_fields" time="0.197" /><testcase classname="backend.tests.test_treat_creation_performance.TestDailyStatusEndpoint" name="test_daily_status_performance" time="0.217" /><testcase classname="backend.tests.test_treat_creation_performance.TestPlayerEndpoint" name="test_player_endpoint_responds" time="0.156" /><testcase classname="backend.tests.test_treat_creation_performance.TestPlayerEndpoint" name="test_player_endpoint_performance" time="0.154" /><testcase classname="backend.tests.test_treat_creation_performance.TestActiveTreatsEndpoint" name="test_active_treats_endpoint_responds" time="0.180" /><testcase classname="backend.tests.test_treat_creation_performance.TestActiveTreatsEndpoint" name="test_active_treats_contains_treats_array" time="0.149" /><testcase classname="backend.tests.test_treat_creation_performance.TestActiveTreatsEndpoint" name="test_active_treats_performance" time="0.155" /><testcase classname="backend.tests.test_treat_creation_performance.TestStatsEndpoint" name="test_stats_endpoint_responds" time="0.519" /><testcase classname="backend.tests.test_treat_creation_performance.TestStatsEndpoint" name="test_stats_performance" time="0.275" /><testcase classname="backend.tests.test_treat_creation_performance.TestLeaderboardEndpoint" name="test_leaderboard_endpoint_responds" time="0.283" /><testcase classname="backend.tests.test_treat_creation_performance.TestLeaderboardEndpoint" name="test_leaderboard_performance" time="0.305" /><testcase classname="backend.tests.test_treat_creation_performance.TestAntiCheatValidation" name="test_rate_limiting_works" time="4.924"><failure message="AssertionError: Got unexpected status code: 500&#10;assert 500 in [200, 429, 400]">backend/tests/test_treat_creation_performance.py:330: in test_rate_limiting_works
    assert code in valid_codes, f"Got unexpected status code: {code}"
E   AssertionError: Got unexpected status code: 500
E   assert 500 in [200, 429, 400]</failure></testcase><testcase classname="backend.tests.test_treat_creation_performance.TestAntiCheatValidation" name="test_daily_limit_enforced" time="0.213" /></testsuite></testsuites>